<?xml version="1.0" encoding="UTF-8"?>
<!-- Generated by org.testng.reporters.JUnitReportReporter -->
<testsuite hostname="DESKTOP-JME6A9H" failures="0" tests="2" name="cs.Script" time="26.134" errors="0" timestamp="2024-08-31T16:57:48 IST" skipped="0">
  <testcase classname="cs.Script" name="Testinfirefox" time="13.464"/>
  <system-out/>
  <testcase classname="cs.Script" name="TestInChrome" time="12.670"/>
  <system-out/>
</testsuite> <!-- cs.Script -->
