<?xml version="1.0" encoding="UTF-8"?>
<!-- Generated by org.testng.reporters.JUnitReportReporter -->
<testsuite hostname="DESKTOP-JME6A9H" failures="0" tests="2" name="cs.Script1" time="79.063" errors="0" timestamp="2024-08-31T20:27:52 IST" skipped="0">
  <testcase classname="cs.Script1" name="Test_In_Firefox" time="41.547"/>
  <system-out/>
  <testcase classname="cs.Script1" name="Test_In_Chrome" time="37.516"/>
  <system-out/>
</testsuite> <!-- cs.Script1 -->
